This file contains any messages produced by compilers while
running configure, to aid debugging if configure makes a mistake.

It was created by yara configure 4.3.0, which was
generated by GNU Autoconf 2.69.  Invocation command line was

  $ ./configure 

## --------- ##
## Platform. ##
## --------- ##

hostname = codespaces-5340d2
uname -m = x86_64
uname -r = 5.15.0-1039-azure
uname -s = Linux
uname -v = #46-Ubuntu SMP Mon May 22 15:18:07 UTC 2023

/usr/bin/uname -p = x86_64
/bin/uname -X     = unknown

/bin/arch              = x86_64
/usr/bin/arch -k       = unknown
/usr/convex/getsysinfo = unknown
/usr/bin/hostinfo      = unknown
/bin/machine           = unknown
/usr/bin/oslevel       = unknown
/bin/universe          = unknown

PATH: /usr/local/rvm/gems/ruby-3.1.4/bin
PATH: /usr/local/rvm/gems/ruby-3.1.4@global/bin
PATH: /usr/local/rvm/rubies/ruby-3.1.4/bin
PATH: /vscode/bin/linux-x64/695af097c7bd098fbf017ce3ac85e09bbc5dda06/bin/remote-cli
PATH: /home/codespace/.local/bin
PATH: /home/codespace/.dotnet
PATH: /home/codespace/nvm/current/bin
PATH: /home/codespace/.php/current/bin
PATH: /home/codespace/.python/current/bin
PATH: /home/codespace/java/current/bin
PATH: /home/codespace/.ruby/current/bin
PATH: /home/codespace/.local/bin
PATH: /usr/local/oryx
PATH: /usr/local/go/bin
PATH: /go/bin
PATH: /usr/local/sdkman/bin
PATH: /usr/local/sdkman/candidates/java/current/bin
PATH: /usr/local/sdkman/candidates/gradle/current/bin
PATH: /usr/local/sdkman/candidates/maven/current/bin
PATH: /usr/local/sdkman/candidates/ant/current/bin
PATH: /usr/local/rvm/gems/default/bin
PATH: /usr/local/rvm/gems/default@global/bin
PATH: /usr/local/rvm/rubies/default/bin
PATH: /usr/local/share/rbenv/bin
PATH: /opt/conda/bin
PATH: /usr/local/php/current/bin
PATH: /usr/local/python/current/bin
PATH: /usr/local/py-utils/bin
PATH: /usr/local/nvs
PATH: /usr/local/share/nvm/versions/node/v19.9.0/bin
PATH: /usr/local/hugo/bin
PATH: /usr/local/dotnet/current
PATH: /usr/local/sbin
PATH: /usr/local/bin
PATH: /usr/sbin
PATH: /usr/bin
PATH: /sbin
PATH: /bin
PATH: /usr/local/rvm/bin


## ----------- ##
## Core tests. ##
## ----------- ##

configure:2363: checking whether make supports nested variables
configure:2380: result: yes
configure:2439: checking for a BSD-compatible install
configure:2507: result: /usr/bin/install -c
configure:2518: checking whether build environment is sane
configure:2573: result: yes
configure:2722: checking for a thread-safe mkdir -p
configure:2761: result: /usr/bin/mkdir -p
configure:2768: checking for gawk
configure:2784: found /usr/bin/gawk
configure:2795: result: gawk
configure:2806: checking whether make sets $(MAKE)
configure:2828: result: yes
configure:2976: checking whether make supports the include directive
configure:2991: make -f confmf.GNU && cat confinc.out
this is the am__doit target
configure:2994: $? = 0
configure:3013: result: yes (GNU style)
configure:3083: checking for gcc
configure:3099: found /usr/bin/gcc
configure:3110: result: gcc
configure:3339: checking for C compiler version
configure:3348: gcc --version >&5
gcc (Ubuntu 9.4.0-1ubuntu1~20.04.1) 9.4.0
Copyright (C) 2019 Free Software Foundation, Inc.
This is free software; see the source for copying conditions.  There is NO
warranty; not even for MERCHANTABILITY or FITNESS FOR A PARTICULAR PURPOSE.

configure:3359: $? = 0
configure:3348: gcc -v >&5
Using built-in specs.
COLLECT_GCC=gcc
COLLECT_LTO_WRAPPER=/usr/lib/gcc/x86_64-linux-gnu/9/lto-wrapper
OFFLOAD_TARGET_NAMES=nvptx-none:hsa
OFFLOAD_TARGET_DEFAULT=1
Target: x86_64-linux-gnu
Configured with: ../src/configure -v --with-pkgversion='Ubuntu 9.4.0-1ubuntu1~20.04.1' --with-bugurl=file:///usr/share/doc/gcc-9/README.Bugs --enable-languages=c,ada,c++,go,brig,d,fortran,objc,obj-c++,gm2 --prefix=/usr --with-gcc-major-version-only --program-suffix=-9 --program-prefix=x86_64-linux-gnu- --enable-shared --enable-linker-build-id --libexecdir=/usr/lib --without-included-gettext --enable-threads=posix --libdir=/usr/lib --enable-nls --enable-clocale=gnu --enable-libstdcxx-debug --enable-libstdcxx-time=yes --with-default-libstdcxx-abi=new --enable-gnu-unique-object --disable-vtable-verify --enable-plugin --enable-default-pie --with-system-zlib --with-target-system-zlib=auto --enable-objc-gc=auto --enable-multiarch --disable-werror --with-arch-32=i686 --with-abi=m64 --with-multilib-list=m32,m64,mx32 --enable-multilib --with-tune=generic --enable-offload-targets=nvptx-none=/build/gcc-9-Av3uEd/gcc-9-9.4.0/debian/tmp-nvptx/usr,hsa --without-cuda-driver --enable-checking=release --build=x86_64-linux-gnu --host=x86_64-linux-gnu --target=x86_64-linux-gnu
Thread model: posix
gcc version 9.4.0 (Ubuntu 9.4.0-1ubuntu1~20.04.1) 
configure:3359: $? = 0
configure:3348: gcc -V >&5
gcc: error: unrecognized command line option '-V'
gcc: fatal error: no input files
compilation terminated.
configure:3359: $? = 1
configure:3348: gcc -qversion >&5
gcc: error: unrecognized command line option '-qversion'; did you mean '--version'?
gcc: fatal error: no input files
compilation terminated.
configure:3359: $? = 1
configure:3379: checking whether the C compiler works
configure:3401: gcc    conftest.c  >&5
configure:3405: $? = 0
configure:3453: result: yes
configure:3456: checking for C compiler default output file name
configure:3458: result: a.out
configure:3464: checking for suffix of executables
configure:3471: gcc -o conftest    conftest.c  >&5
configure:3475: $? = 0
configure:3497: result: 
configure:3519: checking whether we are cross compiling
configure:3527: gcc -o conftest    conftest.c  >&5
configure:3531: $? = 0
configure:3538: ./conftest
configure:3542: $? = 0
configure:3530: result: no
configure:3535: checking for suffix of object files
configure:3557: gcc -c   conftest.c >&5
configure:3561: $? = 0
configure:3582: result: o
configure:3586: checking whether we are using the GNU C compiler
configure:3605: gcc -c   conftest.c >&5
configure:3605: $? = 0
configure:3614: result: yes
configure:3623: checking whether gcc accepts -g
configure:3643: gcc -c -g  conftest.c >&5
configure:3643: $? = 0
configure:3684: result: yes
configure:3701: checking for gcc option to accept ISO C89
configure:3764: gcc  -c   conftest.c >&5
configure:3764: $? = 0
configure:3777: result: none needed
configure:3802: checking whether gcc understands -c and -o together
configure:3824: gcc -c conftest.c -o conftest2.o
configure:3827: $? = 0
configure:3824: gcc -c conftest.c -o conftest2.o
configure:3827: $? = 0
configure:3839: result: yes
configure:3858: checking dependency style of gcc
configure:3969: result: gcc3
configure:4034: checking for ar
configure:4050: found /usr/bin/ar
configure:4061: result: ar
configure:4087: checking the archiver (ar) interface
configure:4103: gcc -c   conftest.c >&5
configure:4103: $? = 0
configure:4105: ar cru libconftest.a conftest.o >&5
ar: `u' modifier ignored since `D' is the default (see `U')
configure:4108: $? = 0
configure:4107: result: ar
configure:4176: checking for gcc
configure:4203: result: gcc
configure:4432: checking for C compiler version
configure:4441: gcc --version >&5
gcc (Ubuntu 9.4.0-1ubuntu1~20.04.1) 9.4.0
Copyright (C) 2019 Free Software Foundation, Inc.
This is free software; see the source for copying conditions.  There is NO
warranty; not even for MERCHANTABILITY or FITNESS FOR A PARTICULAR PURPOSE.

configure:4452: $? = 0
configure:4441: gcc -v >&5
Using built-in specs.
COLLECT_GCC=gcc
COLLECT_LTO_WRAPPER=/usr/lib/gcc/x86_64-linux-gnu/9/lto-wrapper
OFFLOAD_TARGET_NAMES=nvptx-none:hsa
OFFLOAD_TARGET_DEFAULT=1
Target: x86_64-linux-gnu
Configured with: ../src/configure -v --with-pkgversion='Ubuntu 9.4.0-1ubuntu1~20.04.1' --with-bugurl=file:///usr/share/doc/gcc-9/README.Bugs --enable-languages=c,ada,c++,go,brig,d,fortran,objc,obj-c++,gm2 --prefix=/usr --with-gcc-major-version-only --program-suffix=-9 --program-prefix=x86_64-linux-gnu- --enable-shared --enable-linker-build-id --libexecdir=/usr/lib --without-included-gettext --enable-threads=posix --libdir=/usr/lib --enable-nls --enable-clocale=gnu --enable-libstdcxx-debug --enable-libstdcxx-time=yes --with-default-libstdcxx-abi=new --enable-gnu-unique-object --disable-vtable-verify --enable-plugin --enable-default-pie --with-system-zlib --with-target-system-zlib=auto --enable-objc-gc=auto --enable-multiarch --disable-werror --with-arch-32=i686 --with-abi=m64 --with-multilib-list=m32,m64,mx32 --enable-multilib --with-tune=generic --enable-offload-targets=nvptx-none=/build/gcc-9-Av3uEd/gcc-9-9.4.0/debian/tmp-nvptx/usr,hsa --without-cuda-driver --enable-checking=release --build=x86_64-linux-gnu --host=x86_64-linux-gnu --target=x86_64-linux-gnu
Thread model: posix
gcc version 9.4.0 (Ubuntu 9.4.0-1ubuntu1~20.04.1) 
configure:4452: $? = 0
configure:4441: gcc -V >&5
gcc: error: unrecognized command line option '-V'
gcc: fatal error: no input files
compilation terminated.
configure:4452: $? = 1
configure:4441: gcc -qversion >&5
gcc: error: unrecognized command line option '-qversion'; did you mean '--version'?
gcc: fatal error: no input files
compilation terminated.
configure:4452: $? = 1
configure:4456: checking whether we are using the GNU C compiler
configure:4484: result: yes
configure:4493: checking whether gcc accepts -g
configure:4554: result: yes
configure:4571: checking for gcc option to accept ISO C89
configure:4647: result: none needed
configure:4672: checking whether gcc understands -c and -o together
configure:4709: result: yes
configure:4728: checking dependency style of gcc
configure:4839: result: gcc3
configure:4854: checking for gcc option to accept ISO C99
configure:5003: gcc  -c   conftest.c >&5
configure:5003: $? = 0
configure:5016: result: none needed
configure:5036: checking for flex
configure:5066: result: no
configure:5036: checking for lex
configure:5066: result: no
configure:5198: checking for bison
configure:5214: found /usr/bin/bison
configure:5225: result: bison -y
configure:5241: checking for inline
configure:5257: gcc -c   conftest.c >&5
configure:5257: $? = 0
configure:5265: result: inline
configure:5289: checking how to run the C preprocessor
configure:5320: gcc -E  conftest.c
configure:5320: $? = 0
configure:5334: gcc -E  conftest.c
conftest.c:11:10: fatal error: ac_nonexistent.h: No such file or directory
   11 | #include <ac_nonexistent.h>
      |          ^~~~~~~~~~~~~~~~~~
compilation terminated.
configure:5334: $? = 1
configure: failed program was:
| /* confdefs.h */
| #define PACKAGE_NAME "yara"
| #define PACKAGE_TARNAME "yara"
| #define PACKAGE_VERSION "4.3.0"
| #define PACKAGE_STRING "yara 4.3.0"
| #define PACKAGE_BUGREPORT "vmalvarez@virustotal.com"
| #define PACKAGE_URL ""
| #define PACKAGE "yara"
| #define VERSION "4.3.0"
| /* end confdefs.h.  */
| #include <ac_nonexistent.h>
configure:5359: result: gcc -E
configure:5379: gcc -E  conftest.c
configure:5379: $? = 0
configure:5393: gcc -E  conftest.c
conftest.c:11:10: fatal error: ac_nonexistent.h: No such file or directory
   11 | #include <ac_nonexistent.h>
      |          ^~~~~~~~~~~~~~~~~~
compilation terminated.
configure:5393: $? = 1
configure: failed program was:
| /* confdefs.h */
| #define PACKAGE_NAME "yara"
| #define PACKAGE_TARNAME "yara"
| #define PACKAGE_VERSION "4.3.0"
| #define PACKAGE_STRING "yara 4.3.0"
| #define PACKAGE_BUGREPORT "vmalvarez@virustotal.com"
| #define PACKAGE_URL ""
| #define PACKAGE "yara"
| #define VERSION "4.3.0"
| /* end confdefs.h.  */
| #include <ac_nonexistent.h>
configure:5422: checking for grep that handles long lines and -e
configure:5480: result: /usr/bin/grep
configure:5485: checking for egrep
configure:5547: result: /usr/bin/grep -E
configure:5552: checking for ANSI C header files
configure:5572: gcc -c   conftest.c >&5
configure:5572: $? = 0
configure:5645: gcc -o conftest    conftest.c  >&5
configure:5645: $? = 0
configure:5645: ./conftest
configure:5645: $? = 0
configure:5656: result: yes
configure:5669: checking for sys/types.h
configure:5669: gcc -c   conftest.c >&5
configure:5669: $? = 0
configure:5669: result: yes
configure:5669: checking for sys/stat.h
configure:5669: gcc -c   conftest.c >&5
configure:5669: $? = 0
configure:5669: result: yes
configure:5669: checking for stdlib.h
configure:5669: gcc -c   conftest.c >&5
configure:5669: $? = 0
configure:5669: result: yes
configure:5669: checking for string.h
configure:5669: gcc -c   conftest.c >&5
configure:5669: $? = 0
configure:5669: result: yes
configure:5669: checking for memory.h
configure:5669: gcc -c   conftest.c >&5
configure:5669: $? = 0
configure:5669: result: yes
configure:5669: checking for strings.h
configure:5669: gcc -c   conftest.c >&5
configure:5669: $? = 0
configure:5669: result: yes
configure:5669: checking for inttypes.h
configure:5669: gcc -c   conftest.c >&5
configure:5669: $? = 0
configure:5669: result: yes
configure:5669: checking for stdint.h
configure:5669: gcc -c   conftest.c >&5
configure:5669: $? = 0
configure:5669: result: yes
configure:5669: checking for unistd.h
configure:5669: gcc -c   conftest.c >&5
configure:5669: $? = 0
configure:5669: result: yes
configure:5681: checking whether byte ordering is bigendian
configure:5696: gcc -c   conftest.c >&5
conftest.c:22:9: error: unknown type name 'not'
   22 |         not a universal capable compiler
      |         ^~~
conftest.c:22:15: error: expected '=', ',', ';', 'asm' or '__attribute__' before 'universal'
   22 |         not a universal capable compiler
      |               ^~~~~~~~~
conftest.c:22:15: error: unknown type name 'universal'
configure:5696: $? = 1
configure: failed program was:
| /* confdefs.h */
| #define PACKAGE_NAME "yara"
| #define PACKAGE_TARNAME "yara"
| #define PACKAGE_VERSION "4.3.0"
| #define PACKAGE_STRING "yara 4.3.0"
| #define PACKAGE_BUGREPORT "vmalvarez@virustotal.com"
| #define PACKAGE_URL ""
| #define PACKAGE "yara"
| #define VERSION "4.3.0"
| #define STDC_HEADERS 1
| #define HAVE_SYS_TYPES_H 1
| #define HAVE_SYS_STAT_H 1
| #define HAVE_STDLIB_H 1
| #define HAVE_STRING_H 1
| #define HAVE_MEMORY_H 1
| #define HAVE_STRINGS_H 1
| #define HAVE_INTTYPES_H 1
| #define HAVE_STDINT_H 1
| #define HAVE_UNISTD_H 1
| /* end confdefs.h.  */
| #ifndef __APPLE_CC__
| 	       not a universal capable compiler
| 	     #endif
| 	     typedef int dummy;
| 
configure:5741: gcc -c   conftest.c >&5
configure:5741: $? = 0
configure:5759: gcc -c   conftest.c >&5
conftest.c: In function 'main':
conftest.c:28:4: error: unknown type name 'not'; did you mean 'ino_t'?
   28 |    not big endian
      |    ^~~
      |    ino_t
conftest.c:28:12: error: expected '=', ',', ';', 'asm' or '__attribute__' before 'endian'
   28 |    not big endian
      |            ^~~~~~
configure:5759: $? = 1
configure: failed program was:
| /* confdefs.h */
| #define PACKAGE_NAME "yara"
| #define PACKAGE_TARNAME "yara"
| #define PACKAGE_VERSION "4.3.0"
| #define PACKAGE_STRING "yara 4.3.0"
| #define PACKAGE_BUGREPORT "vmalvarez@virustotal.com"
| #define PACKAGE_URL ""
| #define PACKAGE "yara"
| #define VERSION "4.3.0"
| #define STDC_HEADERS 1
| #define HAVE_SYS_TYPES_H 1
| #define HAVE_SYS_STAT_H 1
| #define HAVE_STDLIB_H 1
| #define HAVE_STRING_H 1
| #define HAVE_MEMORY_H 1
| #define HAVE_STRINGS_H 1
| #define HAVE_INTTYPES_H 1
| #define HAVE_STDINT_H 1
| #define HAVE_UNISTD_H 1
| /* end confdefs.h.  */
| #include <sys/types.h>
| 		#include <sys/param.h>
| 
| int
| main ()
| {
| #if BYTE_ORDER != BIG_ENDIAN
| 		 not big endian
| 		#endif
| 
|   ;
|   return 0;
| }
configure:5887: result: no
configure:5914: checking for special C compiler options needed for large files
configure:5959: result: no
configure:5965: checking for _FILE_OFFSET_BITS value needed for large files
configure:5990: gcc -c   conftest.c >&5
configure:5990: $? = 0
configure:6022: result: no
configure:6137: checking build system type
configure:6151: result: x86_64-pc-linux-gnu
configure:6171: checking host system type
configure:6184: result: x86_64-pc-linux-gnu
configure:6225: checking how to print strings
configure:6252: result: printf
configure:6273: checking for a sed that does not truncate output
configure:6337: result: /usr/bin/sed
configure:6355: checking for fgrep
configure:6417: result: /usr/bin/grep -F
configure:6452: checking for ld used by gcc
configure:6519: result: /usr/bin/ld
configure:6526: checking if the linker (/usr/bin/ld) is GNU ld
configure:6541: result: yes
configure:6553: checking for BSD- or MS-compatible name lister (nm)
configure:6607: result: /usr/bin/nm -B
configure:6737: checking the name lister (/usr/bin/nm -B) interface
configure:6744: gcc -c   conftest.c >&5
configure:6747: /usr/bin/nm -B "conftest.o"
configure:6750: output
0000000000000000 B some_variable
configure:6751: result: BSD nm
configure:6754: checking whether ln -s works
configure:6758: result: yes
configure:6766: checking the maximum length of command line arguments
configure:6897: result: 1572864
configure:6945: checking how to convert x86_64-pc-linux-gnu file names to x86_64-pc-linux-gnu format
configure:6985: result: func_convert_file_noop
configure:6992: checking how to convert x86_64-pc-linux-gnu file names to toolchain format
configure:7012: result: func_convert_file_noop
configure:7019: checking for /usr/bin/ld option to reload object files
configure:7026: result: -r
configure:7100: checking for objdump
configure:7116: found /usr/bin/objdump
configure:7127: result: objdump
configure:7159: checking how to recognize dependent libraries
configure:7359: result: pass_all
configure:7444: checking for dlltool
configure:7474: result: no
configure:7504: checking how to associate runtime and link libraries
configure:7531: result: printf %s\n
configure:7655: checking for archiver @FILE support
configure:7672: gcc -c   conftest.c >&5
configure:7672: $? = 0
configure:7675: ar cr libconftest.a @conftest.lst >&5
configure:7678: $? = 0
configure:7683: ar cr libconftest.a @conftest.lst >&5
ar: conftest.o: No such file or directory
configure:7686: $? = 1
configure:7685: result: @
configure:7743: checking for strip
configure:7759: found /usr/bin/strip
configure:7770: result: strip
configure:7842: checking for ranlib
configure:7858: found /usr/bin/ranlib
configure:7869: result: ranlib
configure:7971: checking command to parse /usr/bin/nm -B output from gcc object
configure:8124: gcc -c   conftest.c >&5
configure:8127: $? = 0
configure:8131: /usr/bin/nm -B conftest.o | sed -n -e 's/^.*[	 ]\([ABCDGIRSTW][ABCDGIRSTW]*\)[	 ][	 ]*\([_A-Za-z][_A-Za-z0-9]*\)$/\1 \2 \2/p' | sed '/ __gnu_lto/d' > conftest.nm
configure:8197: gcc -o conftest    conftest.c conftstm.o >&5
configure:8200: $? = 0
configure:8238: result: ok
configure:8285: checking for sysroot
configure:8315: result: no
configure:8322: checking for a working dd
configure:8360: result: /usr/bin/dd
configure:8364: checking how to truncate binary pipes
configure:8379: result: /usr/bin/dd bs=4096 count=1
configure:8515: gcc -c   conftest.c >&5
configure:8518: $? = 0
configure:8708: checking for mt
configure:8738: result: no
configure:8758: checking if : is a manifest tool
configure:8764: : '-?'
configure:8772: result: no
configure:9446: checking for dlfcn.h
configure:9446: gcc -c   conftest.c >&5
configure:9446: $? = 0
configure:9446: result: yes
configure:9702: checking for objdir
configure:9717: result: .libs
configure:9981: checking if gcc supports -fno-rtti -fno-exceptions
configure:9999: gcc -c   -fno-rtti -fno-exceptions conftest.c >&5
cc1: warning: command line option '-fno-rtti' is valid for C++/D/ObjC++ but not for C
configure:10003: $? = 0
configure:10016: result: no
configure:10380: checking for gcc option to produce PIC
configure:10387: result: -fPIC -DPIC
configure:10395: checking if gcc PIC flag -fPIC -DPIC works
configure:10413: gcc -c   -fPIC -DPIC -DPIC conftest.c >&5
configure:10417: $? = 0
configure:10430: result: yes
configure:10459: checking if gcc static flag -static works
configure:10487: result: yes
configure:10502: checking if gcc supports -c -o file.o
configure:10523: gcc -c   -o out/conftest2.o conftest.c >&5
configure:10527: $? = 0
configure:10549: result: yes
configure:10557: checking if gcc supports -c -o file.o
configure:10604: result: yes
configure:10637: checking whether the gcc linker (/usr/bin/ld -m elf_x86_64) supports shared libraries
configure:11900: result: yes
configure:11937: checking whether -lc should be explicitly linked in
configure:11945: gcc -c   conftest.c >&5
configure:11948: $? = 0
configure:11963: gcc -shared  -fPIC -DPIC conftest.o  -v -Wl,-soname -Wl,conftest -o conftest 2\>\&1 \| /usr/bin/grep  -lc  \>/dev/null 2\>\&1
configure:11966: $? = 0
configure:11980: result: no
configure:12140: checking dynamic linker characteristics
configure:12721: gcc -o conftest    -Wl,-rpath -Wl,/foo conftest.c  >&5
configure:12721: $? = 0
configure:12970: result: GNU/Linux ld.so
configure:13092: checking how to hardcode library paths into programs
configure:13117: result: immediate
configure:13665: checking whether stripping libraries is possible
configure:13670: result: yes
configure:13705: checking if libtool supports shared libraries
configure:13707: result: yes
configure:13710: checking whether to build shared libraries
configure:13735: result: yes
configure:13738: checking whether to build static libraries
configure:13742: result: yes
configure:10777: checking for the pthreads library -lpthreads
configure:10810: gcc -o conftest  -DUSE_LINUX_PROC    conftest.c -lpthreads  >&5
conftest.c: In function 'main':
conftest.c:28:22: warning: null argument where non-null required (argument 1) [-Wnonnull]
   28 |                      pthread_attr_init(0); pthread_cleanup_push(0, 0);
      |                      ^~~~~~~~~~~~~~~~~
conftest.c:29:22: warning: null argument where non-null required (argument 1) [-Wnonnull]
   29 |                      pthread_create(0,0,0,0); pthread_cleanup_pop(0);
      |                      ^~~~~~~~~~~~~~
conftest.c:29:22: warning: null argument where non-null required (argument 3) [-Wnonnull]
/usr/bin/ld: cannot find -lpthreads
collect2: error: ld returned 1 exit status
configure:10810: $? = 1
configure: failed program was:
| /* confdefs.h */
| #define PACKAGE_NAME "yara"
| #define PACKAGE_TARNAME "yara"
| #define PACKAGE_VERSION "4.3.0"
| #define PACKAGE_STRING "yara 4.3.0"
| #define PACKAGE_BUGREPORT "vmalvarez@virustotal.com"
| #define PACKAGE_URL ""
| #define PACKAGE "yara"
| #define VERSION "4.3.0"
| #define STDC_HEADERS 1
| #define HAVE_SYS_TYPES_H 1
| #define HAVE_SYS_STAT_H 1
| #define HAVE_STDLIB_H 1
| #define HAVE_STRING_H 1
| #define HAVE_MEMORY_H 1
| #define HAVE_STRINGS_H 1
| #define HAVE_INTTYPES_H 1
| #define HAVE_STDINT_H 1
| #define HAVE_UNISTD_H 1
| #define HAVE_DLFCN_H 1
| #define LT_OBJDIR ".libs/"
| /* end confdefs.h.  */
| #include <pthread.h>
| int
| main ()
| {
| pthread_t th; pthread_join(th, 0);
|                      pthread_attr_init(0); pthread_cleanup_push(0, 0);
|                      pthread_create(0,0,0,0); pthread_cleanup_pop(0);
|   ;
|   return 0;
| }
configure:10819: result: no
configure:10722: checking whether pthreads work without any flags
configure:10810: gcc -o conftest  -DUSE_LINUX_PROC    conftest.c   >&5
conftest.c: In function 'main':
conftest.c:28:22: warning: null argument where non-null required (argument 1) [-Wnonnull]
   28 |                      pthread_attr_init(0); pthread_cleanup_push(0, 0);
      |                      ^~~~~~~~~~~~~~~~~
conftest.c:29:22: warning: null argument where non-null required (argument 1) [-Wnonnull]
   29 |                      pthread_create(0,0,0,0); pthread_cleanup_pop(0);
      |                      ^~~~~~~~~~~~~~
conftest.c:29:22: warning: null argument where non-null required (argument 3) [-Wnonnull]
/usr/bin/ld: /tmp/ccxpo5N7.o: in function `main':
conftest.c:(.text+0x2b): undefined reference to `pthread_join'
/usr/bin/ld: conftest.c:(.text+0x98): undefined reference to `__pthread_register_cancel'
/usr/bin/ld: conftest.c:(.text+0xb1): undefined reference to `pthread_create'
/usr/bin/ld: conftest.c:(.text+0xbd): undefined reference to `__pthread_unregister_cancel'
collect2: error: ld returned 1 exit status
configure:10810: $? = 1
configure: failed program was:
| /* confdefs.h */
| #define PACKAGE_NAME "yara"
| #define PACKAGE_TARNAME "yara"
| #define PACKAGE_VERSION "4.3.0"
| #define PACKAGE_STRING "yara 4.3.0"
| #define PACKAGE_BUGREPORT "vmalvarez@virustotal.com"
| #define PACKAGE_URL ""
| #define PACKAGE "yara"
| #define VERSION "4.3.0"
| #define STDC_HEADERS 1
| #define HAVE_SYS_TYPES_H 1
| #define HAVE_SYS_STAT_H 1
| #define HAVE_STDLIB_H 1
| #define HAVE_STRING_H 1
| #define HAVE_MEMORY_H 1
| #define HAVE_STRINGS_H 1
| #define HAVE_INTTYPES_H 1
| #define HAVE_STDINT_H 1
| #define HAVE_UNISTD_H 1
| #define HAVE_DLFCN_H 1
| #define LT_OBJDIR ".libs/"
| /* end confdefs.h.  */
| #include <pthread.h>
| int
| main ()
| {
| pthread_t th; pthread_join(th, 0);
|                      pthread_attr_init(0); pthread_cleanup_push(0, 0);
|                      pthread_create(0,0,0,0); pthread_cleanup_pop(0);
|   ;
|   return 0;
| }
configure:10819: result: no
configure:10727: checking whether pthreads work with -Kthread
configure:10810: gcc -o conftest  -DUSE_LINUX_PROC -Kthread   conftest.c   >&5
gcc: error: unrecognized command line option '-Kthread'; did you mean '-pthread'?
configure:10810: $? = 1
configure: failed program was:
| /* confdefs.h */
| #define PACKAGE_NAME "yara"
| #define PACKAGE_TARNAME "yara"
| #define PACKAGE_VERSION "4.3.0"
| #define PACKAGE_STRING "yara 4.3.0"
| #define PACKAGE_BUGREPORT "vmalvarez@virustotal.com"
| #define PACKAGE_URL ""
| #define PACKAGE "yara"
| #define VERSION "4.3.0"
| #define STDC_HEADERS 1
| #define HAVE_SYS_TYPES_H 1
| #define HAVE_SYS_STAT_H 1
| #define HAVE_STDLIB_H 1
| #define HAVE_STRING_H 1
| #define HAVE_MEMORY_H 1
| #define HAVE_STRINGS_H 1
| #define HAVE_INTTYPES_H 1
| #define HAVE_STDINT_H 1
| #define HAVE_UNISTD_H 1
| #define HAVE_DLFCN_H 1
| #define LT_OBJDIR ".libs/"
| /* end confdefs.h.  */
| #include <pthread.h>
| int
| main ()
| {
| pthread_t th; pthread_join(th, 0);
|                      pthread_attr_init(0); pthread_cleanup_push(0, 0);
|                      pthread_create(0,0,0,0); pthread_cleanup_pop(0);
|   ;
|   return 0;
| }
configure:10819: result: no
configure:10727: checking whether pthreads work with -kthread
configure:10810: gcc -o conftest  -DUSE_LINUX_PROC -kthread   conftest.c   >&5
gcc: error: unrecognized command line option '-kthread'; did you mean '-pthread'?
configure:10810: $? = 1
configure: failed program was:
| /* confdefs.h */
| #define PACKAGE_NAME "yara"
| #define PACKAGE_TARNAME "yara"
| #define PACKAGE_VERSION "4.3.0"
| #define PACKAGE_STRING "yara 4.3.0"
| #define PACKAGE_BUGREPORT "vmalvarez@virustotal.com"
| #define PACKAGE_URL ""
| #define PACKAGE "yara"
| #define VERSION "4.3.0"
| #define STDC_HEADERS 1
| #define HAVE_SYS_TYPES_H 1
| #define HAVE_SYS_STAT_H 1
| #define HAVE_STDLIB_H 1
| #define HAVE_STRING_H 1
| #define HAVE_MEMORY_H 1
| #define HAVE_STRINGS_H 1
| #define HAVE_INTTYPES_H 1
| #define HAVE_STDINT_H 1
| #define HAVE_UNISTD_H 1
| #define HAVE_DLFCN_H 1
| #define LT_OBJDIR ".libs/"
| /* end confdefs.h.  */
| #include <pthread.h>
| int
| main ()
| {
| pthread_t th; pthread_join(th, 0);
|                      pthread_attr_init(0); pthread_cleanup_push(0, 0);
|                      pthread_create(0,0,0,0); pthread_cleanup_pop(0);
|   ;
|   return 0;
| }
configure:10819: result: no
configure:10777: checking for the pthreads library -llthread
configure:10810: gcc -o conftest  -DUSE_LINUX_PROC    conftest.c -llthread  >&5
conftest.c: In function 'main':
conftest.c:28:22: warning: null argument where non-null required (argument 1) [-Wnonnull]
   28 |                      pthread_attr_init(0); pthread_cleanup_push(0, 0);
      |                      ^~~~~~~~~~~~~~~~~
conftest.c:29:22: warning: null argument where non-null required (argument 1) [-Wnonnull]
   29 |                      pthread_create(0,0,0,0); pthread_cleanup_pop(0);
      |                      ^~~~~~~~~~~~~~
conftest.c:29:22: warning: null argument where non-null required (argument 3) [-Wnonnull]
/usr/bin/ld: cannot find -llthread
collect2: error: ld returned 1 exit status
configure:10810: $? = 1
configure: failed program was:
| /* confdefs.h */
| #define PACKAGE_NAME "yara"
| #define PACKAGE_TARNAME "yara"
| #define PACKAGE_VERSION "4.3.0"
| #define PACKAGE_STRING "yara 4.3.0"
| #define PACKAGE_BUGREPORT "vmalvarez@virustotal.com"
| #define PACKAGE_URL ""
| #define PACKAGE "yara"
| #define VERSION "4.3.0"
| #define STDC_HEADERS 1
| #define HAVE_SYS_TYPES_H 1
| #define HAVE_SYS_STAT_H 1
| #define HAVE_STDLIB_H 1
| #define HAVE_STRING_H 1
| #define HAVE_MEMORY_H 1
| #define HAVE_STRINGS_H 1
| #define HAVE_INTTYPES_H 1
| #define HAVE_STDINT_H 1
| #define HAVE_UNISTD_H 1
| #define HAVE_DLFCN_H 1
| #define LT_OBJDIR ".libs/"
| /* end confdefs.h.  */
| #include <pthread.h>
| int
| main ()
| {
| pthread_t th; pthread_join(th, 0);
|                      pthread_attr_init(0); pthread_cleanup_push(0, 0);
|                      pthread_create(0,0,0,0); pthread_cleanup_pop(0);
|   ;
|   return 0;
| }
configure:10819: result: no
configure:10727: checking whether pthreads work with -pthread
configure:10810: gcc -o conftest  -DUSE_LINUX_PROC -pthread   conftest.c   >&5
conftest.c: In function 'main':
conftest.c:28:22: warning: null argument where non-null required (argument 1) [-Wnonnull]
   28 |                      pthread_attr_init(0); pthread_cleanup_push(0, 0);
      |                      ^~~~~~~~~~~~~~~~~
conftest.c:29:22: warning: null argument where non-null required (argument 1) [-Wnonnull]
   29 |                      pthread_create(0,0,0,0); pthread_cleanup_pop(0);
      |                      ^~~~~~~~~~~~~~
conftest.c:29:22: warning: null argument where non-null required (argument 3) [-Wnonnull]
configure:10810: $? = 0
configure:10819: result: yes
configure:10838: checking for joinable pthread attribute
configure:10853: gcc -o conftest  -DUSE_LINUX_PROC -pthread   conftest.c   >&5
configure:10853: $? = 0
configure:10859: result: PTHREAD_CREATE_JOINABLE
configure:10869: checking if more special flags are required for pthreads
configure:10876: result: no
configure:10965: checking whether to check for GCC pthread/shared inconsistencies
configure:10978: gcc -o conftest -shared -fPIC -Wl,-z,defs  -DUSE_LINUX_PROC -pthread   conftest.c   >&5
configure:10978: $? = 0
configure:10990: result: yes
configure:10996: checking whether -pthread is sufficient with -shared
configure:11011: gcc -o conftest -shared -fPIC -Wl,-z,defs  -DUSE_LINUX_PROC -pthread   conftest.c   >&5
conftest.c: In function 'main':
conftest.c:28:11: warning: null argument where non-null required (argument 1) [-Wnonnull]
   28 |           pthread_attr_init(0); pthread_cleanup_push(0, 0);
      |           ^~~~~~~~~~~~~~~~~
conftest.c:29:11: warning: null argument where non-null required (argument 1) [-Wnonnull]
   29 |           pthread_create(0,0,0,0); pthread_cleanup_pop(0);
      |           ^~~~~~~~~~~~~~
conftest.c:29:11: warning: null argument where non-null required (argument 3) [-Wnonnull]
configure:11011: $? = 0
configure:11018: result: yes
configure:11135: checking for isnan in -lm
configure:11160: gcc -o conftest  -DUSE_LINUX_PROC -pthread   conftest.c -lm    >&5
conftest.c:30:6: warning: conflicting types for built-in function 'isnan'; expected 'int()' [-Wbuiltin-declaration-mismatch]
   30 | char isnan ();
      |      ^~~~~
conftest.c:1:1: note: 'isnan' is declared in header '<math.h>'
    1 | /* confdefs.h */
configure:11160: $? = 0
configure:11169: result: yes
configure:11180: checking for log2 in -lm
configure:11205: gcc -o conftest  -DUSE_LINUX_PROC -pthread   conftest.c -lm  -lm   >&5
conftest.c:31:6: warning: conflicting types for built-in function 'log2'; expected 'double(double)' [-Wbuiltin-declaration-mismatch]
   31 | char log2 ();
      |      ^~~~
conftest.c:1:1: note: 'log2' is declared in header '<math.h>'
    1 | /* confdefs.h */
configure:11205: $? = 0
configure:11214: result: yes
configure:11231: checking for strlcpy
configure:11231: gcc -o conftest  -DUSE_LINUX_PROC -pthread   conftest.c -lm -lm   >&5
/usr/bin/ld: /tmp/ccvJe8CO.o: in function `main':
conftest.c:(.text+0xe): undefined reference to `strlcpy'
collect2: error: ld returned 1 exit status
configure:11231: $? = 1
configure: failed program was:
| /* confdefs.h */
| #define PACKAGE_NAME "yara"
| #define PACKAGE_TARNAME "yara"
| #define PACKAGE_VERSION "4.3.0"
| #define PACKAGE_STRING "yara 4.3.0"
| #define PACKAGE_BUGREPORT "vmalvarez@virustotal.com"
| #define PACKAGE_URL ""
| #define PACKAGE "yara"
| #define VERSION "4.3.0"
| #define STDC_HEADERS 1
| #define HAVE_SYS_TYPES_H 1
| #define HAVE_SYS_STAT_H 1
| #define HAVE_STDLIB_H 1
| #define HAVE_STRING_H 1
| #define HAVE_MEMORY_H 1
| #define HAVE_STRINGS_H 1
| #define HAVE_INTTYPES_H 1
| #define HAVE_STDINT_H 1
| #define HAVE_UNISTD_H 1
| #define HAVE_DLFCN_H 1
| #define LT_OBJDIR ".libs/"
| #define HAVE_LIBM 1
| #define HAVE_LIBM 1
| /* end confdefs.h.  */
| /* Define strlcpy to an innocuous variant, in case <limits.h> declares strlcpy.
|    For example, HP-UX 11i <limits.h> declares gettimeofday.  */
| #define strlcpy innocuous_strlcpy
| 
| /* System header to define __stub macros and hopefully few prototypes,
|     which can conflict with char strlcpy (); below.
|     Prefer <limits.h> to <assert.h> if __STDC__ is defined, since
|     <limits.h> exists even on freestanding compilers.  */
| 
| #ifdef __STDC__
| # include <limits.h>
| #else
| # include <assert.h>
| #endif
| 
| #undef strlcpy
| 
| /* Override any GCC internal prototype to avoid an error.
|    Use char because int might match the return type of a GCC
|    builtin and then its argument prototype would still apply.  */
| #ifdef __cplusplus
| extern "C"
| #endif
| char strlcpy ();
| /* The GNU C library defines this for functions which it implements
|     to always fail with ENOSYS.  Some functions are actually named
|     something starting with __ and the normal name is an alias.  */
| #if defined __stub_strlcpy || defined __stub___strlcpy
| choke me
| #endif
| 
| int
| main ()
| {
| return strlcpy ();
|   ;
|   return 0;
| }
configure:11231: result: no
configure:11231: checking for strlcat
configure:11231: gcc -o conftest  -DUSE_LINUX_PROC -pthread   conftest.c -lm -lm   >&5
/usr/bin/ld: /tmp/ccoKcEVb.o: in function `main':
conftest.c:(.text+0xe): undefined reference to `strlcat'
collect2: error: ld returned 1 exit status
configure:11231: $? = 1
configure: failed program was:
| /* confdefs.h */
| #define PACKAGE_NAME "yara"
| #define PACKAGE_TARNAME "yara"
| #define PACKAGE_VERSION "4.3.0"
| #define PACKAGE_STRING "yara 4.3.0"
| #define PACKAGE_BUGREPORT "vmalvarez@virustotal.com"
| #define PACKAGE_URL ""
| #define PACKAGE "yara"
| #define VERSION "4.3.0"
| #define STDC_HEADERS 1
| #define HAVE_SYS_TYPES_H 1
| #define HAVE_SYS_STAT_H 1
| #define HAVE_STDLIB_H 1
| #define HAVE_STRING_H 1
| #define HAVE_MEMORY_H 1
| #define HAVE_STRINGS_H 1
| #define HAVE_INTTYPES_H 1
| #define HAVE_STDINT_H 1
| #define HAVE_UNISTD_H 1
| #define HAVE_DLFCN_H 1
| #define LT_OBJDIR ".libs/"
| #define HAVE_LIBM 1
| #define HAVE_LIBM 1
| /* end confdefs.h.  */
| /* Define strlcat to an innocuous variant, in case <limits.h> declares strlcat.
|    For example, HP-UX 11i <limits.h> declares gettimeofday.  */
| #define strlcat innocuous_strlcat
| 
| /* System header to define __stub macros and hopefully few prototypes,
|     which can conflict with char strlcat (); below.
|     Prefer <limits.h> to <assert.h> if __STDC__ is defined, since
|     <limits.h> exists even on freestanding compilers.  */
| 
| #ifdef __STDC__
| # include <limits.h>
| #else
| # include <assert.h>
| #endif
| 
| #undef strlcat
| 
| /* Override any GCC internal prototype to avoid an error.
|    Use char because int might match the return type of a GCC
|    builtin and then its argument prototype would still apply.  */
| #ifdef __cplusplus
| extern "C"
| #endif
| char strlcat ();
| /* The GNU C library defines this for functions which it implements
|     to always fail with ENOSYS.  Some functions are actually named
|     something starting with __ and the normal name is an alias.  */
| #if defined __stub_strlcat || defined __stub___strlcat
| choke me
| #endif
| 
| int
| main ()
| {
| return strlcat ();
|   ;
|   return 0;
| }
configure:11231: result: no
configure:11231: checking for memmem
configure:11231: gcc -o conftest  -DUSE_LINUX_PROC -pthread   conftest.c -lm -lm   >&5
configure:11231: $? = 0
configure:11231: result: yes
configure:11231: checking for timegm
configure:11231: gcc -o conftest  -DUSE_LINUX_PROC -pthread   conftest.c -lm -lm   >&5
configure:11231: $? = 0
configure:11231: result: yes
configure:11231: checking for _mkgmtime
configure:11231: gcc -o conftest  -DUSE_LINUX_PROC -pthread   conftest.c -lm -lm   >&5
/usr/bin/ld: /tmp/cc12rIUn.o: in function `main':
conftest.c:(.text+0xe): undefined reference to `_mkgmtime'
collect2: error: ld returned 1 exit status
configure:11231: $? = 1
configure: failed program was:
| /* confdefs.h */
| #define PACKAGE_NAME "yara"
| #define PACKAGE_TARNAME "yara"
| #define PACKAGE_VERSION "4.3.0"
| #define PACKAGE_STRING "yara 4.3.0"
| #define PACKAGE_BUGREPORT "vmalvarez@virustotal.com"
| #define PACKAGE_URL ""
| #define PACKAGE "yara"
| #define VERSION "4.3.0"
| #define STDC_HEADERS 1
| #define HAVE_SYS_TYPES_H 1
| #define HAVE_SYS_STAT_H 1
| #define HAVE_STDLIB_H 1
| #define HAVE_STRING_H 1
| #define HAVE_MEMORY_H 1
| #define HAVE_STRINGS_H 1
| #define HAVE_INTTYPES_H 1
| #define HAVE_STDINT_H 1
| #define HAVE_UNISTD_H 1
| #define HAVE_DLFCN_H 1
| #define LT_OBJDIR ".libs/"
| #define HAVE_LIBM 1
| #define HAVE_LIBM 1
| #define HAVE_MEMMEM 1
| #define HAVE_TIMEGM 1
| /* end confdefs.h.  */
| /* Define _mkgmtime to an innocuous variant, in case <limits.h> declares _mkgmtime.
|    For example, HP-UX 11i <limits.h> declares gettimeofday.  */
| #define _mkgmtime innocuous__mkgmtime
| 
| /* System header to define __stub macros and hopefully few prototypes,
|     which can conflict with char _mkgmtime (); below.
|     Prefer <limits.h> to <assert.h> if __STDC__ is defined, since
|     <limits.h> exists even on freestanding compilers.  */
| 
| #ifdef __STDC__
| # include <limits.h>
| #else
| # include <assert.h>
| #endif
| 
| #undef _mkgmtime
| 
| /* Override any GCC internal prototype to avoid an error.
|    Use char because int might match the return type of a GCC
|    builtin and then its argument prototype would still apply.  */
| #ifdef __cplusplus
| extern "C"
| #endif
| char _mkgmtime ();
| /* The GNU C library defines this for functions which it implements
|     to always fail with ENOSYS.  Some functions are actually named
|     something starting with __ and the normal name is an alias.  */
| #if defined __stub__mkgmtime || defined __stub____mkgmtime
| choke me
| #endif
| 
| int
| main ()
| {
| return _mkgmtime ();
|   ;
|   return 0;
| }
configure:11231: result: no
configure:11231: checking for clock_gettime
configure:11231: gcc -o conftest  -DUSE_LINUX_PROC -pthread   conftest.c -lm -lm   >&5
configure:11231: $? = 0
configure:11231: result: yes
configure:11242: checking stdbool.h usability
configure:11242: gcc -c  -DUSE_LINUX_PROC -pthread  conftest.c >&5
configure:11242: $? = 0
configure:11242: result: yes
configure:11242: checking stdbool.h presence
configure:11242: gcc -E  conftest.c
configure:11242: $? = 0
configure:11242: result: yes
configure:11242: checking for stdbool.h
configure:11242: result: yes
configure:11542: checking for pkg-config
configure:11560: found /usr/bin/pkg-config
configure:11572: result: /usr/bin/pkg-config
configure:11597: checking pkg-config is at least version 0.9.0
configure:11600: result: yes
configure:12018: checking openssl/evp.h usability
configure:12018: gcc -c  -DUSE_LINUX_PROC -pthread -DDOTNET_MODULE  conftest.c >&5
configure:12018: $? = 0
configure:12018: result: yes
configure:12018: checking openssl/evp.h presence
configure:12018: gcc -E  conftest.c
configure:12018: $? = 0
configure:12018: result: yes
configure:12018: checking for openssl/evp.h
configure:12018: result: yes
configure:12032: checking openssl/asn1.h usability
configure:12032: gcc -c  -DUSE_LINUX_PROC -pthread -DDOTNET_MODULE  conftest.c >&5
configure:12032: $? = 0
configure:12032: result: yes
configure:12032: checking openssl/asn1.h presence
configure:12032: gcc -E  conftest.c
configure:12032: $? = 0
configure:12032: result: yes
configure:12032: checking for openssl/asn1.h
configure:12032: result: yes
configure:12046: checking openssl/crypto.h usability
configure:12046: gcc -c  -DUSE_LINUX_PROC -pthread -DDOTNET_MODULE  conftest.c >&5
configure:12046: $? = 0
configure:12046: result: yes
configure:12046: checking openssl/crypto.h presence
configure:12046: gcc -E  conftest.c
configure:12046: $? = 0
configure:12046: result: yes
configure:12046: checking for openssl/crypto.h
configure:12046: result: yes
configure:12060: checking openssl/bio.h usability
configure:12060: gcc -c  -DUSE_LINUX_PROC -pthread -DDOTNET_MODULE  conftest.c >&5
configure:12060: $? = 0
configure:12060: result: yes
configure:12060: checking openssl/bio.h presence
configure:12060: gcc -E  conftest.c
configure:12060: $? = 0
configure:12060: result: yes
configure:12060: checking for openssl/bio.h
configure:12060: result: yes
configure:12074: checking openssl/pkcs7.h usability
configure:12074: gcc -c  -DUSE_LINUX_PROC -pthread -DDOTNET_MODULE  conftest.c >&5
configure:12074: $? = 0
configure:12074: result: yes
configure:12074: checking openssl/pkcs7.h presence
configure:12074: gcc -E  conftest.c
configure:12074: $? = 0
configure:12074: result: yes
configure:12074: checking for openssl/pkcs7.h
configure:12074: result: yes
configure:12088: checking openssl/x509.h usability
configure:12088: gcc -c  -DUSE_LINUX_PROC -pthread -DDOTNET_MODULE  conftest.c >&5
configure:12088: $? = 0
configure:12088: result: yes
configure:12088: checking openssl/x509.h presence
configure:12088: gcc -E  conftest.c
configure:12088: $? = 0
configure:12088: result: yes
configure:12088: checking for openssl/x509.h
configure:12088: result: yes
configure:12102: checking openssl/safestack.h usability
configure:12102: gcc -c  -DUSE_LINUX_PROC -pthread -DDOTNET_MODULE  conftest.c >&5
configure:12102: $? = 0
configure:12102: result: yes
configure:12102: checking openssl/safestack.h presence
configure:12102: gcc -E  conftest.c
configure:12102: $? = 0
configure:12102: result: yes
configure:12102: checking for openssl/safestack.h
configure:12102: result: yes
configure:12114: checking for EVP_DigestInit in -lcrypto
configure:12139: gcc -o conftest  -DUSE_LINUX_PROC -pthread -DDOTNET_MODULE   conftest.c -lcrypto  -lm -lm   >&5
configure:12139: $? = 0
configure:12148: result: yes
configure:12161: checking for EVP_DigestUpdate in -lcrypto
configure:12186: gcc -o conftest  -DUSE_LINUX_PROC -pthread -DDOTNET_MODULE   conftest.c -lcrypto  -lcrypto -lm -lm   >&5
configure:12186: $? = 0
configure:12195: result: yes
configure:12208: checking for EVP_DigestFinal in -lcrypto
configure:12233: gcc -o conftest  -DUSE_LINUX_PROC -pthread -DDOTNET_MODULE   conftest.c -lcrypto  -lcrypto -lcrypto -lm -lm   >&5
configure:12233: $? = 0
configure:12242: result: yes
configure:12255: checking for EVP_md5 in -lcrypto
configure:12280: gcc -o conftest  -DUSE_LINUX_PROC -pthread -DDOTNET_MODULE   conftest.c -lcrypto  -lcrypto -lcrypto -lcrypto -lm -lm   >&5
configure:12280: $? = 0
configure:12289: result: yes
configure:12302: checking for EVP_sha1 in -lcrypto
configure:12327: gcc -o conftest  -DUSE_LINUX_PROC -pthread -DDOTNET_MODULE   conftest.c -lcrypto  -lcrypto -lcrypto -lcrypto -lcrypto -lm -lm   >&5
configure:12327: $? = 0
configure:12336: result: yes
configure:12349: checking for EVP_sha256 in -lcrypto
configure:12374: gcc -o conftest  -DUSE_LINUX_PROC -pthread -DDOTNET_MODULE   conftest.c -lcrypto  -lcrypto -lcrypto -lcrypto -lcrypto -lcrypto -lm -lm   >&5
configure:12374: $? = 0
configure:12383: result: yes
configure:12863: checking that generated files are newer than configure
configure:12869: result: done
configure:12993: creating ./config.status

## ---------------------- ##
## Running config.status. ##
## ---------------------- ##

This file was extended by yara config.status 4.3.0, which was
generated by GNU Autoconf 2.69.  Invocation command line was

  CONFIG_FILES    = 
  CONFIG_HEADERS  = 
  CONFIG_LINKS    = 
  CONFIG_COMMANDS = 
  $ ./config.status 

on codespaces-5340d2

config.status:1071: creating Makefile
config.status:1071: creating yara.pc
config.status:1243: executing depfiles commands
config.status:1320: cd .       && sed -e '/# am--include-marker/d' Makefile         | make -f - am--depfiles
config.status:1325: $? = 0
config.status:1243: executing libtool commands

## ---------------- ##
## Cache variables. ##
## ---------------- ##

ac_cv_build=x86_64-pc-linux-gnu
ac_cv_c_bigendian=no
ac_cv_c_compiler_gnu=yes
ac_cv_c_inline=inline
ac_cv_env_CC_set=
ac_cv_env_CC_value=
ac_cv_env_CFLAGS_set=
ac_cv_env_CFLAGS_value=
ac_cv_env_CPPFLAGS_set=
ac_cv_env_CPPFLAGS_value=
ac_cv_env_CPP_set=
ac_cv_env_CPP_value=
ac_cv_env_LDFLAGS_set=
ac_cv_env_LDFLAGS_value=
ac_cv_env_LIBS_set=
ac_cv_env_LIBS_value=
ac_cv_env_LT_SYS_LIBRARY_PATH_set=
ac_cv_env_LT_SYS_LIBRARY_PATH_value=
ac_cv_env_PKG_CONFIG_LIBDIR_set=
ac_cv_env_PKG_CONFIG_LIBDIR_value=
ac_cv_env_PKG_CONFIG_PATH_set=
ac_cv_env_PKG_CONFIG_PATH_value=
ac_cv_env_PKG_CONFIG_set=
ac_cv_env_PKG_CONFIG_value=
ac_cv_env_PROTOBUF_C_CFLAGS_set=
ac_cv_env_PROTOBUF_C_CFLAGS_value=
ac_cv_env_PROTOBUF_C_LIBS_set=
ac_cv_env_PROTOBUF_C_LIBS_value=
ac_cv_env_YACC_set=
ac_cv_env_YACC_value=
ac_cv_env_YFLAGS_set=
ac_cv_env_YFLAGS_value=
ac_cv_env_build_alias_set=
ac_cv_env_build_alias_value=
ac_cv_env_host_alias_set=
ac_cv_env_host_alias_value=
ac_cv_env_target_alias_set=
ac_cv_env_target_alias_value=
ac_cv_func__mkgmtime=no
ac_cv_func_clock_gettime=yes
ac_cv_func_memmem=yes
ac_cv_func_strlcat=no
ac_cv_func_strlcpy=no
ac_cv_func_timegm=yes
ac_cv_header_dlfcn_h=yes
ac_cv_header_inttypes_h=yes
ac_cv_header_memory_h=yes
ac_cv_header_openssl_asn1_h=yes
ac_cv_header_openssl_bio_h=yes
ac_cv_header_openssl_crypto_h=yes
ac_cv_header_openssl_evp_h=yes
ac_cv_header_openssl_pkcs7_h=yes
ac_cv_header_openssl_safestack_h=yes
ac_cv_header_openssl_x509_h=yes
ac_cv_header_stdbool_h=yes
ac_cv_header_stdc=yes
ac_cv_header_stdint_h=yes
ac_cv_header_stdlib_h=yes
ac_cv_header_string_h=yes
ac_cv_header_strings_h=yes
ac_cv_header_sys_stat_h=yes
ac_cv_header_sys_types_h=yes
ac_cv_header_unistd_h=yes
ac_cv_host=x86_64-pc-linux-gnu
ac_cv_lib_crypto_EVP_DigestFinal=yes
ac_cv_lib_crypto_EVP_DigestInit=yes
ac_cv_lib_crypto_EVP_DigestUpdate=yes
ac_cv_lib_crypto_EVP_md5=yes
ac_cv_lib_crypto_EVP_sha1=yes
ac_cv_lib_crypto_EVP_sha256=yes
ac_cv_lib_m_isnan=yes
ac_cv_lib_m_log2=yes
ac_cv_objext=o
ac_cv_path_EGREP='/usr/bin/grep -E'
ac_cv_path_FGREP='/usr/bin/grep -F'
ac_cv_path_GREP=/usr/bin/grep
ac_cv_path_SED=/usr/bin/sed
ac_cv_path_ac_pt_PKG_CONFIG=/usr/bin/pkg-config
ac_cv_path_install='/usr/bin/install -c'
ac_cv_path_lt_DD=/usr/bin/dd
ac_cv_path_mkdir=/usr/bin/mkdir
ac_cv_prog_AWK=gawk
ac_cv_prog_CPP='gcc -E'
ac_cv_prog_YACC='bison -y'
ac_cv_prog_ac_ct_AR=ar
ac_cv_prog_ac_ct_CC=gcc
ac_cv_prog_ac_ct_OBJDUMP=objdump
ac_cv_prog_ac_ct_RANLIB=ranlib
ac_cv_prog_ac_ct_STRIP=strip
ac_cv_prog_cc_c89=
ac_cv_prog_cc_c99=
ac_cv_prog_cc_g=yes
ac_cv_prog_make_make_set=yes
ac_cv_sys_file_offset_bits=no
ac_cv_sys_largefile_CC=no
am_cv_CC_dependencies_compiler_type=gcc3
am_cv_ar_interface=ar
am_cv_make_support_nested_variables=yes
am_cv_prog_cc_c_o=yes
lt_cv_ar_at_file=@
lt_cv_archive_cmds_need_lc=no
lt_cv_deplibs_check_method=pass_all
lt_cv_file_magic_cmd='$MAGIC_CMD'
lt_cv_file_magic_test_file=
lt_cv_ld_reload_flag=-r
lt_cv_nm_interface='BSD nm'
lt_cv_objdir=.libs
lt_cv_path_LD=/usr/bin/ld
lt_cv_path_NM='/usr/bin/nm -B'
lt_cv_path_mainfest_tool=no
lt_cv_prog_compiler_c_o=yes
lt_cv_prog_compiler_pic='-fPIC -DPIC'
lt_cv_prog_compiler_pic_works=yes
lt_cv_prog_compiler_rtti_exceptions=no
lt_cv_prog_compiler_static_works=yes
lt_cv_prog_gnu_ld=yes
lt_cv_sharedlib_from_linklib_cmd='printf %s\n'
lt_cv_shlibpath_overrides_runpath=yes
lt_cv_sys_global_symbol_pipe='sed -n -e '\''s/^.*[	 ]\([ABCDGIRSTW][ABCDGIRSTW]*\)[	 ][	 ]*\([_A-Za-z][_A-Za-z0-9]*\)$/\1 \2 \2/p'\'' | sed '\''/ __gnu_lto/d'\'''
lt_cv_sys_global_symbol_to_c_name_address='sed -n -e '\''s/^: \(.*\) .*$/  {"\1", (void *) 0},/p'\'' -e '\''s/^[ABCDGIRSTW][ABCDGIRSTW]* .* \(.*\)$/  {"\1", (void *) \&\1},/p'\'''
lt_cv_sys_global_symbol_to_c_name_address_lib_prefix='sed -n -e '\''s/^: \(.*\) .*$/  {"\1", (void *) 0},/p'\'' -e '\''s/^[ABCDGIRSTW][ABCDGIRSTW]* .* \(lib.*\)$/  {"\1", (void *) \&\1},/p'\'' -e '\''s/^[ABCDGIRSTW][ABCDGIRSTW]* .* \(.*\)$/  {"lib\1", (void *) \&\1},/p'\'''
lt_cv_sys_global_symbol_to_cdecl='sed -n -e '\''s/^T .* \(.*\)$/extern int \1();/p'\'' -e '\''s/^[ABCDGIRSTW][ABCDGIRSTW]* .* \(.*\)$/extern char \1;/p'\'''
lt_cv_sys_global_symbol_to_import=
lt_cv_sys_max_cmd_len=1572864
lt_cv_to_host_file_cmd=func_convert_file_noop
lt_cv_to_tool_file_cmd=func_convert_file_noop
lt_cv_truncate_bin='/usr/bin/dd bs=4096 count=1'

## ----------------- ##
## Output variables. ##
## ----------------- ##

ACLOCAL='${SHELL} /workspaces/YARA/build-aux/missing aclocal-1.16'
ADDRESS_SANITIZER_FALSE=''
ADDRESS_SANITIZER_TRUE='#'
AMDEPBACKSLASH='\'
AMDEP_FALSE='#'
AMDEP_TRUE=''
AMTAR='$${TAR-tar}'
AM_BACKSLASH='\'
AM_DEFAULT_V='$(AM_DEFAULT_VERBOSITY)'
AM_DEFAULT_VERBOSITY='0'
AM_V='$(V)'
AR='ar'
AUTHENTICODE_MODULE_FALSE='#'
AUTHENTICODE_MODULE_TRUE=''
AUTOCONF='${SHELL} /workspaces/YARA/build-aux/missing autoconf'
AUTOHEADER='${SHELL} /workspaces/YARA/build-aux/missing autoheader'
AUTOMAKE='${SHELL} /workspaces/YARA/build-aux/missing automake-1.16'
AWK='gawk'
CC='gcc'
CCDEPMODE='depmode=gcc3'
CFLAGS=' -DUSE_LINUX_PROC -pthread -DDOTNET_MODULE -DHASH_MODULE -DBUCKETS_128=1 -DCHECKSUM_1B=1'
CPP='gcc -E'
CPPFLAGS=''
CUCKOO_MODULE_FALSE=''
CUCKOO_MODULE_TRUE='#'
CYGPATH_W='echo'
DEBUG_DEX_MODULE_FALSE=''
DEBUG_DEX_MODULE_TRUE='#'
DEBUG_FALSE=''
DEBUG_TRUE='#'
DEFS='-DPACKAGE_NAME=\"yara\" -DPACKAGE_TARNAME=\"yara\" -DPACKAGE_VERSION=\"4.3.0\" -DPACKAGE_STRING=\"yara\ 4.3.0\" -DPACKAGE_BUGREPORT=\"vmalvarez@virustotal.com\" -DPACKAGE_URL=\"\" -DPACKAGE=\"yara\" -DVERSION=\"4.3.0\" -DSTDC_HEADERS=1 -DHAVE_SYS_TYPES_H=1 -DHAVE_SYS_STAT_H=1 -DHAVE_STDLIB_H=1 -DHAVE_STRING_H=1 -DHAVE_MEMORY_H=1 -DHAVE_STRINGS_H=1 -DHAVE_INTTYPES_H=1 -DHAVE_STDINT_H=1 -DHAVE_UNISTD_H=1 -DHAVE_DLFCN_H=1 -DLT_OBJDIR=\".libs/\" -DHAVE_LIBM=1 -DHAVE_LIBM=1 -DHAVE_MEMMEM=1 -DHAVE_TIMEGM=1 -DHAVE_CLOCK_GETTIME=1 -DHAVE_STDBOOL_H=1 -DHAVE_OPENSSL_EVP_H=1 -DHAVE_OPENSSL_ASN1_H=1 -DHAVE_OPENSSL_CRYPTO_H=1 -DHAVE_OPENSSL_BIO_H=1 -DHAVE_OPENSSL_PKCS7_H=1 -DHAVE_OPENSSL_X509_H=1 -DHAVE_OPENSSL_SAFESTACK_H=1 -DHAVE_LIBCRYPTO=1 -DHAVE_LIBCRYPTO=1 -DHAVE_LIBCRYPTO=1 -DHAVE_LIBCRYPTO=1 -DHAVE_LIBCRYPTO=1 -DHAVE_LIBCRYPTO=1 -DHAVE_SCAN_PROC_IMPL=1'
DEPDIR='.deps'
DEX_MODULE_FALSE=''
DEX_MODULE_TRUE='#'
DLLTOOL='false'
DOTNET_MODULE_FALSE='#'
DOTNET_MODULE_TRUE=''
DSYMUTIL=''
DUMPBIN=''
ECHO_C=''
ECHO_N='-n'
ECHO_T=''
EGREP='/usr/bin/grep -E'
EXEEXT=''
FGREP='/usr/bin/grep -F'
GCC_FALSE='#'
GCC_TRUE=''
GCOV_FALSE=''
GCOV_TRUE='#'
GREP='/usr/bin/grep'
HASH_MODULE_FALSE='#'
HASH_MODULE_TRUE=''
INSTALL_DATA='${INSTALL} -m 644'
INSTALL_PROGRAM='${INSTALL}'
INSTALL_SCRIPT='${INSTALL}'
INSTALL_STRIP_PROGRAM='$(install_sh) -c -s'
LD='/usr/bin/ld -m elf_x86_64'
LDFLAGS=''
LEX='${SHELL} /workspaces/YARA/build-aux/missing flex'
LEXLIB=''
LEX_OUTPUT_ROOT=''
LIBOBJS=''
LIBS='-lcrypto -lcrypto -lcrypto -lcrypto -lcrypto -lcrypto -lm -lm  '
LIBTOOL='$(SHELL) $(top_builddir)/libtool'
LIPO=''
LN_S='ln -s'
LTLIBOBJS=''
LT_SYS_LIBRARY_PATH=''
MACHO_MODULE_FALSE=''
MACHO_MODULE_TRUE='#'
MAGIC_MODULE_FALSE=''
MAGIC_MODULE_TRUE='#'
MAKEINFO='${SHELL} /workspaces/YARA/build-aux/missing makeinfo'
MANIFEST_TOOL=':'
MKDIR_P='/usr/bin/mkdir -p'
NM='/usr/bin/nm -B'
NMEDIT=''
OBJDUMP='objdump'
OBJEXT='o'
OPTIMIZATION_FALSE='#'
OPTIMIZATION_TRUE=''
OTOOL64=''
OTOOL=''
PACKAGE='yara'
PACKAGE_BUGREPORT='vmalvarez@virustotal.com'
PACKAGE_NAME='yara'
PACKAGE_STRING='yara 4.3.0'
PACKAGE_TARNAME='yara'
PACKAGE_URL=''
PACKAGE_VERSION='4.3.0'
PATH_SEPARATOR=':'
PB_TESTS_MODULE_FALSE=''
PB_TESTS_MODULE_TRUE='#'
PC_LIBS_PRIVATE=' -lm'
PC_REQUIRES_PRIVATE=' libcrypto'
PKG_CONFIG='/usr/bin/pkg-config'
PKG_CONFIG_LIBDIR=''
PKG_CONFIG_PATH=''
POSIX_FALSE='#'
POSIX_TRUE=''
PROFILING_ENABLED_FALSE=''
PROFILING_ENABLED_TRUE='#'
PROTOBUF_C_CFLAGS=''
PROTOBUF_C_LIBS=''
PROTOC=''
PROTOC_FALSE=''
PROTOC_TRUE='#'
PTHREAD_CC='gcc'
PTHREAD_CFLAGS='-pthread'
PTHREAD_LIBS=''
RANLIB='ranlib'
SED='/usr/bin/sed'
SET_MAKE=''
SHELL='/bin/bash'
STRIP='strip'
UB_SANITIZER_FALSE=''
UB_SANITIZER_TRUE='#'
USE_FREEBSD_PROC_FALSE=''
USE_FREEBSD_PROC_TRUE='#'
USE_LINUX_PROC_FALSE='#'
USE_LINUX_PROC_TRUE=''
USE_MACH_PROC_FALSE=''
USE_MACH_PROC_TRUE='#'
USE_NO_PROC_FALSE=''
USE_NO_PROC_TRUE='#'
USE_OPENBSD_PROC_FALSE=''
USE_OPENBSD_PROC_TRUE='#'
USE_WINDOWS_PROC_FALSE=''
USE_WINDOWS_PROC_TRUE='#'
VERSION='4.3.0'
YACC='bison -y'
YFLAGS=''
ac_ct_AR='ar'
ac_ct_CC='gcc'
ac_ct_DUMPBIN=''
acx_pthread_config=''
am__EXEEXT_FALSE=''
am__EXEEXT_TRUE='#'
am__fastdepCC_FALSE='#'
am__fastdepCC_TRUE=''
am__include='include'
am__isrc=''
am__leading_dot='.'
am__nodep='_no'
am__quote=''
am__tar='$${TAR-tar} chof - "$$tardir"'
am__untar='$${TAR-tar} xf -'
bindir='${exec_prefix}/bin'
build='x86_64-pc-linux-gnu'
build_alias=''
build_cpu='x86_64'
build_os='linux-gnu'
build_vendor='pc'
datadir='${datarootdir}'
datarootdir='${prefix}/share'
docdir='${datarootdir}/doc/${PACKAGE_TARNAME}'
dvidir='${docdir}'
exec_prefix='${prefix}'
host='x86_64-pc-linux-gnu'
host_alias=''
host_cpu='x86_64'
host_os='linux-gnu'
host_vendor='pc'
htmldir='${docdir}'
includedir='${prefix}/include'
infodir='${datarootdir}/info'
install_sh='${SHELL} /workspaces/YARA/build-aux/install-sh'
libdir='${exec_prefix}/lib'
libexecdir='${exec_prefix}/libexec'
localedir='${datarootdir}/locale'
localstatedir='${prefix}/var'
mandir='${datarootdir}/man'
mkdir_p='$(MKDIR_P)'
oldincludedir='/usr/include'
pdfdir='${docdir}'
prefix='/usr/local'
program_transform_name='s,x,x,'
psdir='${docdir}'
runstatedir='${localstatedir}/run'
sbindir='${exec_prefix}/sbin'
sharedstatedir='${prefix}/com'
sysconfdir='${prefix}/etc'
target_alias=''

## ----------- ##
## confdefs.h. ##
## ----------- ##

/* confdefs.h */
#define PACKAGE_NAME "yara"
#define PACKAGE_TARNAME "yara"
#define PACKAGE_VERSION "4.3.0"
#define PACKAGE_STRING "yara 4.3.0"
#define PACKAGE_BUGREPORT "vmalvarez@virustotal.com"
#define PACKAGE_URL ""
#define PACKAGE "yara"
#define VERSION "4.3.0"
#define STDC_HEADERS 1
#define HAVE_SYS_TYPES_H 1
#define HAVE_SYS_STAT_H 1
#define HAVE_STDLIB_H 1
#define HAVE_STRING_H 1
#define HAVE_MEMORY_H 1
#define HAVE_STRINGS_H 1
#define HAVE_INTTYPES_H 1
#define HAVE_STDINT_H 1
#define HAVE_UNISTD_H 1
#define HAVE_DLFCN_H 1
#define LT_OBJDIR ".libs/"
#define HAVE_LIBM 1
#define HAVE_LIBM 1
#define HAVE_MEMMEM 1
#define HAVE_TIMEGM 1
#define HAVE_CLOCK_GETTIME 1
#define HAVE_STDBOOL_H 1
#define HAVE_OPENSSL_EVP_H 1
#define HAVE_OPENSSL_ASN1_H 1
#define HAVE_OPENSSL_CRYPTO_H 1
#define HAVE_OPENSSL_BIO_H 1
#define HAVE_OPENSSL_PKCS7_H 1
#define HAVE_OPENSSL_X509_H 1
#define HAVE_OPENSSL_SAFESTACK_H 1
#define HAVE_LIBCRYPTO 1
#define HAVE_LIBCRYPTO 1
#define HAVE_LIBCRYPTO 1
#define HAVE_LIBCRYPTO 1
#define HAVE_LIBCRYPTO 1
#define HAVE_LIBCRYPTO 1
#define HAVE_SCAN_PROC_IMPL 1

configure: exit 0
